<?xml version="1.0" encoding="UTF-8"?>
<!-- Generated by org.testng.reporters.JUnitXMLReporter -->
<testsuite ignored="0" hostname="ZSCHN01LP0090" failures="0" tests="6" name="Default test" time="9.261" errors="0" timestamp="2024-02-16T12:08:28 IST">
  <testcase classname="testScripts.ArticlePageTest" name="invalidloginTest" time="0.767"/>
  <testcase classname="testScripts.ArticlePageTest" name="validLoginTest" time="1.253"/>
  <testcase classname="testScripts.ArticlePageTest" name="duplicateArticleTest" time="0.941"/>
  <testcase classname="testScripts.ArticlePageTest" name="newArticleCreation" time="1.253"/>
  <testcase classname="testScripts.ArticlePageTest" name="updateTestArticle" time="1.471"/>
  <testcase classname="testScripts.ArticlePageTest" name="deleteTestArticle" time="0.682"/>
</testsuite> <!-- Default test -->
