<?xml version="1.0" encoding="UTF-8"?>
<!-- Generated by org.testng.reporters.JUnitXMLReporter -->
<testsuite ignored="0" hostname="ZSCHN01LP0090" failures="0" tests="4" name="Default test" time="6.742" errors="0" timestamp="2024-02-14T12:20:34 IST">
  <testcase classname="testScripts.ArticlePage" name="loginTest" time="0.624"/>
  <testcase classname="testScripts.ArticlePage" name="newArticleCreation" time="1.963"/>
  <testcase classname="testScripts.ArticlePage" name="updateTestArticle" time="1.2"/>
  <testcase classname="testScripts.ArticlePage" name="deleteTestArticle" time="0.931"/>
</testsuite> <!-- Default test -->
