<?xml version="1.0" encoding="UTF-8"?>
<testng-results ignored="0" total="4" passed="4" failed="0" skipped="0">
  <reporter-output>
  </reporter-output>
  <suite started-at="2024-02-14T12:20:28 IST" name="Default suite" finished-at="2024-02-14T12:20:34 IST" duration-ms="6742">
    <groups>
    </groups>
    <test started-at="2024-02-14T12:20:28 IST" name="Default test" finished-at="2024-02-14T12:20:34 IST" duration-ms="6742">
      <class name="testScripts.ArticlePage">
        <test-method is-config="true" signature="setup()[pri:0, instance:testScripts.ArticlePage@30f4b1a6]" started-at="2024-02-14T12:20:28 IST" name="setup" finished-at="2024-02-14T12:20:30 IST" duration-ms="1953" status="PASS">
          <reporter-output>
          </reporter-output>
        </test-method> <!-- setup -->
        <test-method signature="loginTest()[pri:1, instance:testScripts.ArticlePage@30f4b1a6]" started-at="2024-02-14T12:20:30 IST" name="loginTest" finished-at="2024-02-14T12:20:30 IST" duration-ms="624" status="PASS">
          <reporter-output>
          </reporter-output>
        </test-method> <!-- loginTest -->
        <test-method signature="newArticleCreation()[pri:2, instance:testScripts.ArticlePage@30f4b1a6]" started-at="2024-02-14T12:20:30 IST" name="newArticleCreation" finished-at="2024-02-14T12:20:32 IST" duration-ms="1963" status="PASS">
          <reporter-output>
          </reporter-output>
        </test-method> <!-- newArticleCreation -->
        <test-method signature="updateTestArticle()[pri:3, instance:testScripts.ArticlePage@30f4b1a6]" started-at="2024-02-14T12:20:32 IST" name="updateTestArticle" finished-at="2024-02-14T12:20:33 IST" duration-ms="1200" status="PASS">
          <reporter-output>
          </reporter-output>
        </test-method> <!-- updateTestArticle -->
        <test-method signature="deleteTestArticle()[pri:4, instance:testScripts.ArticlePage@30f4b1a6]" started-at="2024-02-14T12:20:33 IST" name="deleteTestArticle" finished-at="2024-02-14T12:20:34 IST" duration-ms="931" status="PASS">
          <reporter-output>
          </reporter-output>
        </test-method> <!-- deleteTestArticle -->
      </class> <!-- testScripts.ArticlePage -->
    </test> <!-- Default test -->
  </suite> <!-- Default suite -->
</testng-results>
